# JRE version: Java(TM) SE Runtime Environment (8.0_131-b11) (build 1.8.0_131-b11)
# Java VM: Java HotSpot(TM) 64-Bit Server VM (25.131-b11 mixed mode windows-amd64 compressed oops)
Heap:
 PSYoungGen      total 179200K, used 12353K [0x00000000e0000000, 0x00000000ed900000, 0x0000000100000000)
  eden space 160256K, 7% used [0x00000000e0000000,0x00000000e0c10548,0x00000000e9c80000)
  from space 18944K, 0% used [0x00000000ec680000,0x00000000ec680000,0x00000000ed900000)
  to   space 14336K, 0% used [0x00000000e9c80000,0x00000000e9c80000,0x00000000eaa80000)
 ParOldGen       total 82944K, used 28706K [0x00000000a0000000, 0x00000000a5100000, 0x00000000e0000000)
  object space 82944K, 34% used [0x00000000a0000000,0x00000000a1c08828,0x00000000a5100000)
 Metaspace       used 58086K, capacity 59716K, committed 59904K, reserved 1101824K
  class space    used 8050K, capacity 8415K, committed 8448K, reserved 1048576K
GC Heap History (10 events):
Event: 7.137 GC heap before
{Heap before GC invocations=11 (full 2):
 PSYoungGen      total 124416K, used 10750K [0x00000000e0000000, 0x00000000eb880000, 0x0000000100000000)
  eden space 113664K, 0% used [0x00000000e0000000,0x00000000e0000000,0x00000000e6f00000)
  from space 10752K, 99% used [0x00000000e6f00000,0x00000000e797fbf8,0x00000000e7980000)
  to   space 11776K, 0% used [0x00000000ead00000,0x00000000ead00000,0x00000000eb880000)
 ParOldGen       total 53248K, used 7858K [0x00000000a0000000, 0x00000000a3400000, 0x00000000e0000000)
  object space 53248K, 14% used [0x00000000a0000000,0x00000000a07ac990,0x00000000a3400000)
 Metaspace       used 34663K, capacity 35410K, committed 35496K, reserved 1079296K
  class space    used 4875K, capacity 5068K, committed 5120K, reserved 1048576K
Event: 7.230 GC heap after
Heap after GC invocations=11 (full 2):
 PSYoungGen      total 124416K, used 0K [0x00000000e0000000, 0x00000000eb880000, 0x0000000100000000)
  eden space 113664K, 0% used [0x00000000e0000000,0x00000000e0000000,0x00000000e6f00000)
  from space 10752K, 0% used [0x00000000e6f00000,0x00000000e6f00000,0x00000000e7980000)
  to   space 11776K, 0% used [0x00000000ead00000,0x00000000ead00000,0x00000000eb880000)
 ParOldGen       total 82944K, used 17522K [0x00000000a0000000, 0x00000000a5100000, 0x00000000e0000000)
  object space 82944K, 21% used [0x00000000a0000000,0x00000000a111cae0,0x00000000a5100000)
 Metaspace       used 34658K, capacity 35392K, committed 35496K, reserved 1079296K
  class space    used 4873K, capacity 5065K, committed 5120K, reserved 1048576K
}
Event: 8.901 GC heap before
{Heap before GC invocations=12 (full 2):
 PSYoungGen      total 124416K, used 113664K [0x00000000e0000000, 0x00000000eb880000, 0x0000000100000000)
  eden space 113664K, 100% used [0x00000000e0000000,0x00000000e6f00000,0x00000000e6f00000)
  from space 10752K, 0% used [0x00000000e6f00000,0x00000000e6f00000,0x00000000e7980000)
  to   space 11776K, 0% used [0x00000000ead00000,0x00000000ead00000,0x00000000eb880000)
 ParOldGen       total 82944K, used 17522K [0x00000000a0000000, 0x00000000a5100000, 0x00000000e0000000)
  object space 82944K, 21% used [0x00000000a0000000,0x00000000a111cae0,0x00000000a5100000)
 Metaspace       used 46097K, capacity 47042K, committed 47360K, reserved 1089536K
  class space    used 6330K, capacity 6614K, committed 6656K, reserved 1048576K
Event: 8.915 GC heap after
Heap after GC invocations=12 (full 2):
 PSYoungGen      total 157696K, used 11754K [0x00000000e0000000, 0x00000000eb880000, 0x0000000100000000)
  eden space 145920K, 0% used [0x00000000e0000000,0x00000000e0000000,0x00000000e8e80000)
  from space 11776K, 99% used [0x00000000ead00000,0x00000000eb87a9d8,0x00000000eb880000)
  to   space 14336K, 0% used [0x00000000e9c80000,0x00000000e9c80000,0x00000000eaa80000)
 ParOldGen       total 82944K, used 21066K [0x00000000a0000000, 0x00000000a5100000, 0x00000000e0000000)
  object space 82944K, 25% used [0x00000000a0000000,0x00000000a1492b98,0x00000000a5100000)
 Metaspace       used 46097K, capacity 47042K, committed 47360K, reserved 1089536K
  class space    used 6330K, capacity 6614K, committed 6656K, reserved 1048576K
}
Event: 11.040 GC heap before
{Heap before GC invocations=13 (full 2):
 PSYoungGen      total 157696K, used 157674K [0x00000000e0000000, 0x00000000eb880000, 0x0000000100000000)
  eden space 145920K, 100% used [0x00000000e0000000,0x00000000e8e80000,0x00000000e8e80000)
  from space 11776K, 99% used [0x00000000ead00000,0x00000000eb87a9d8,0x00000000eb880000)
  to   space 14336K, 0% used [0x00000000e9c80000,0x00000000e9c80000,0x00000000eaa80000)
 ParOldGen       total 82944K, used 21066K [0x00000000a0000000, 0x00000000a5100000, 0x00000000e0000000)
  object space 82944K, 25% used [0x00000000a0000000,0x00000000a1492b98,0x00000000a5100000)
 Metaspace       used 57339K, capacity 58942K, committed 59160K, reserved 1099776K
  class space    used 7925K, capacity 8248K, committed 8320K, reserved 1048576K
Event: 11.061 GC heap after
Heap after GC invocations=13 (full 2):
 PSYoungGen      total 174592K, used 14324K [0x00000000e0000000, 0x00000000ed900000, 0x0000000100000000)
  eden space 160256K, 0% used [0x00000000e0000000,0x00000000e0000000,0x00000000e9c80000)
  from space 14336K, 99% used [0x00000000e9c80000,0x00000000eaa7d2e8,0x00000000eaa80000)
  to   space 18944K, 0% used [0x00000000ec680000,0x00000000ec680000,0x00000000ed900000)
 ParOldGen       total 82944K, used 29308K [0x00000000a0000000, 0x00000000a5100000, 0x00000000e0000000)
  object space 82944K, 35% used [0x00000000a0000000,0x00000000a1c9f290,0x00000000a5100000)
 Metaspace       used 57339K, capacity 58942K, committed 59160K, reserved 1099776K
  class space    used 7925K, capacity 8248K, committed 8320K, reserved 1048576K
}
Event: 11.100 GC heap before
{Heap before GC invocations=14 (full 2):
 PSYoungGen      total 174592K, used 20634K [0x00000000e0000000, 0x00000000ed900000, 0x0000000100000000)
  eden space 160256K, 3% used [0x00000000e0000000,0x00000000e0629838,0x00000000e9c80000)
  from space 14336K, 99% used [0x00000000e9c80000,0x00000000eaa7d2e8,0x00000000eaa80000)
  to   space 18944K, 0% used [0x00000000ec680000,0x00000000ec680000,0x00000000ed900000)
 ParOldGen       total 82944K, used 29308K [0x00000000a0000000, 0x00000000a5100000, 0x00000000e0000000)
  object space 82944K, 35% used [0x00000000a0000000,0x00000000a1c9f290,0x00000000a5100000)
 Metaspace       used 57522K, capacity 59108K, committed 59160K, reserved 1099776K
  class space    used 7953K, capacity 8281K, committed 8320K, reserved 1048576K
Event: 11.110 GC heap after
Heap after GC invocations=14 (full 2):
 PSYoungGen      total 179200K, used 384K [0x00000000e0000000, 0x00000000ed900000, 0x0000000100000000)
  eden space 160256K, 0% used [0x00000000e0000000,0x00000000e0000000,0x00000000e9c80000)
  from space 18944K, 2% used [0x00000000ec680000,0x00000000ec6e0000,0x00000000ed900000)
  to   space 14336K, 0% used [0x00000000e9c80000,0x00000000e9c80000,0x00000000eaa80000)
 ParOldGen       total 82944K, used 36418K [0x00000000a0000000, 0x00000000a5100000, 0x00000000e0000000)
  object space 82944K, 43% used [0x00000000a0000000,0x00000000a2390a88,0x00000000a5100000)
 Metaspace       used 57522K, capacity 59108K, committed 59160K, reserved 1099776K
  class space    used 7953K, capacity 8281K, committed 8320K, reserved 1048576K
}
Event: 11.110 GC heap before
{Heap before GC invocations=15 (full 3):
 PSYoungGen      total 179200K, used 384K [0x00000000e0000000, 0x00000000ed900000, 0x0000000100000000)
  eden space 160256K, 0% used [0x00000000e0000000,0x00000000e0000000,0x00000000e9c80000)
  from space 18944K, 2% used [0x00000000ec680000,0x00000000ec6e0000,0x00000000ed900000)
  to   space 14336K, 0% used [0x00000000e9c80000,0x00000000e9c80000,0x00000000eaa80000)
 ParOldGen       total 82944K, used 36418K [0x00000000a0000000, 0x00000000a5100000, 0x00000000e0000000)
  object space 82944K, 43% used [0x00000000a0000000,0x00000000a2390a88,0x00000000a5100000)
 Metaspace       used 57522K, capacity 59108K, committed 59160K, reserved 1099776K
  class space    used 7953K, capacity 8281K, committed 8320K, reserved 1048576K
Event: 11.332 GC heap after
Heap after GC invocations=15 (full 3):
 PSYoungGen      total 179200K, used 0K [0x00000000e0000000, 0x00000000ed900000, 0x0000000100000000)
  eden space 160256K, 0% used [0x00000000e0000000,0x00000000e0000000,0x00000000e9c80000)
  from space 18944K, 0% used [0x00000000ec680000,0x00000000ec680000,0x00000000ed900000)
  to   space 14336K, 0% used [0x00000000e9c80000,0x00000000e9c80000,0x00000000eaa80000)
 ParOldGen       total 82944K, used 28706K [0x00000000a0000000, 0x00000000a5100000, 0x00000000e0000000)
  object space 82944K, 34% used [0x00000000a0000000,0x00000000a1c08828,0x00000000a5100000)
 Metaspace       used 57522K, capacity 59108K, committed 59160K, reserved 1099776K
  class space    used 7953K, capacity 8281K, committed 8320K, reserved 1048576K
}

