# JRE version: Java(TM) SE Runtime Environment (8.0_131-b11) (build 1.8.0_131-b11)
# Java VM: Java HotSpot(TM) 64-Bit Server VM (25.131-b11 mixed mode windows-amd64 compressed oops)
Heap:
 PSYoungGen      total 147456K, used 33574K [0x00000000d6100000, 0x00000000e0780000, 0x0000000100000000)
  eden space 131072K, 13% used [0x00000000d6100000,0x00000000d71d10d8,0x00000000de100000)
  from space 16384K, 99% used [0x00000000df780000,0x00000000e07789d0,0x00000000e0780000)
  to   space 5120K, 0% used [0x00000000de100000,0x00000000de100000,0x00000000de600000)
 ParOldGen       total 120320K, used 39141K [0x0000000082200000, 0x0000000089780000, 0x00000000d6100000)
  object space 120320K, 32% used [0x0000000082200000,0x0000000084839650,0x0000000089780000)
 Metaspace       used 47578K, capacity 48406K, committed 48680K, reserved 1095680K
  class space    used 6179K, capacity 6430K, committed 6440K, reserved 1048576K
GC Heap History (10 events):
Event: 1.517 GC heap before
{Heap before GC invocations=4 (full 1):
 PSYoungGen      total 70656K, used 5104K [0x00000000d6100000, 0x00000000deb00000, 0x0000000100000000)
  eden space 65536K, 0% used [0x00000000d6100000,0x00000000d6100000,0x00000000da100000)
  from space 5120K, 99% used [0x00000000da100000,0x00000000da5fc020,0x00000000da600000)
  to   space 5120K, 0% used [0x00000000de600000,0x00000000de600000,0x00000000deb00000)
 ParOldGen       total 86016K, used 11046K [0x0000000082200000, 0x0000000087600000, 0x00000000d6100000)
  object space 86016K, 12% used [0x0000000082200000,0x0000000082cc9978,0x0000000087600000)
 Metaspace       used 20789K, capacity 21186K, committed 21296K, reserved 1069056K
  class space    used 2528K, capacity 2663K, committed 2688K, reserved 1048576K
Event: 1.554 GC heap after
Heap after GC invocations=4 (full 1):
 PSYoungGen      total 70656K, used 0K [0x00000000d6100000, 0x00000000deb00000, 0x0000000100000000)
  eden space 65536K, 0% used [0x00000000d6100000,0x00000000d6100000,0x00000000da100000)
  from space 5120K, 0% used [0x00000000da100000,0x00000000da100000,0x00000000da600000)
  to   space 5120K, 0% used [0x00000000de600000,0x00000000de600000,0x00000000deb00000)
 ParOldGen       total 64512K, used 8264K [0x0000000082200000, 0x0000000086100000, 0x00000000d6100000)
  object space 64512K, 12% used [0x0000000082200000,0x0000000082a121c8,0x0000000086100000)
 Metaspace       used 20789K, capacity 21186K, committed 21296K, reserved 1069056K
  class space    used 2528K, capacity 2663K, committed 2688K, reserved 1048576K
}
Event: 2.778 GC heap before
{Heap before GC invocations=5 (full 1):
 PSYoungGen      total 70656K, used 65536K [0x00000000d6100000, 0x00000000deb00000, 0x0000000100000000)
  eden space 65536K, 100% used [0x00000000d6100000,0x00000000da100000,0x00000000da100000)
  from space 5120K, 0% used [0x00000000da100000,0x00000000da100000,0x00000000da600000)
  to   space 5120K, 0% used [0x00000000de600000,0x00000000de600000,0x00000000deb00000)
 ParOldGen       total 64512K, used 8264K [0x0000000082200000, 0x0000000086100000, 0x00000000d6100000)
  object space 64512K, 12% used [0x0000000082200000,0x0000000082a121c8,0x0000000086100000)
 Metaspace       used 30526K, capacity 31042K, committed 31360K, reserved 1077248K
  class space    used 4006K, capacity 4157K, committed 4224K, reserved 1048576K
Event: 2.799 GC heap after
Heap after GC invocations=5 (full 1):
 PSYoungGen      total 100352K, used 5090K [0x00000000d6100000, 0x00000000deb00000, 0x0000000100000000)
  eden space 95232K, 0% used [0x00000000d6100000,0x00000000d6100000,0x00000000dbe00000)
  from space 5120K, 99% used [0x00000000de600000,0x00000000deaf8918,0x00000000deb00000)
  to   space 5120K, 0% used [0x00000000de100000,0x00000000de100000,0x00000000de600000)
 ParOldGen       total 64512K, used 20676K [0x0000000082200000, 0x0000000086100000, 0x00000000d6100000)
  object space 64512K, 32% used [0x0000000082200000,0x0000000083631378,0x0000000086100000)
 Metaspace       used 30526K, capacity 31042K, committed 31360K, reserved 1077248K
  class space    used 4006K, capacity 4157K, committed 4224K, reserved 1048576K
}
Event: 3.256 GC heap before
{Heap before GC invocations=6 (full 1):
 PSYoungGen      total 100352K, used 28311K [0x00000000d6100000, 0x00000000deb00000, 0x0000000100000000)
  eden space 95232K, 24% used [0x00000000d6100000,0x00000000d77ad670,0x00000000dbe00000)
  from space 5120K, 99% used [0x00000000de600000,0x00000000deaf8918,0x00000000deb00000)
  to   space 5120K, 0% used [0x00000000de100000,0x00000000de100000,0x00000000de600000)
 ParOldGen       total 64512K, used 20676K [0x0000000082200000, 0x0000000086100000, 0x00000000d6100000)
  object space 64512K, 32% used [0x0000000082200000,0x0000000083631378,0x0000000086100000)
 Metaspace       used 34827K, capacity 35412K, committed 35496K, reserved 1079296K
  class space    used 4605K, capacity 4764K, committed 4776K, reserved 1048576K
Event: 3.265 GC heap after
Heap after GC invocations=6 (full 1):
 PSYoungGen      total 136192K, used 5090K [0x00000000d6100000, 0x00000000e0780000, 0x0000000100000000)
  eden space 131072K, 0% used [0x00000000d6100000,0x00000000d6100000,0x00000000de100000)
  from space 5120K, 99% used [0x00000000de100000,0x00000000de5f8918,0x00000000de600000)
  to   space 16384K, 0% used [0x00000000df780000,0x00000000df780000,0x00000000e0780000)
 ParOldGen       total 64512K, used 26316K [0x0000000082200000, 0x0000000086100000, 0x00000000d6100000)
  object space 64512K, 40% used [0x0000000082200000,0x0000000083bb3048,0x0000000086100000)
 Metaspace       used 34827K, capacity 35412K, committed 35496K, reserved 1079296K
  class space    used 4605K, capacity 4764K, committed 4776K, reserved 1048576K
}
Event: 3.265 GC heap before
{Heap before GC invocations=7 (full 2):
 PSYoungGen      total 136192K, used 5090K [0x00000000d6100000, 0x00000000e0780000, 0x0000000100000000)
  eden space 131072K, 0% used [0x00000000d6100000,0x00000000d6100000,0x00000000de100000)
  from space 5120K, 99% used [0x00000000de100000,0x00000000de5f8918,0x00000000de600000)
  to   space 16384K, 0% used [0x00000000df780000,0x00000000df780000,0x00000000e0780000)
 ParOldGen       total 64512K, used 26316K [0x0000000082200000, 0x0000000086100000, 0x00000000d6100000)
  object space 64512K, 40% used [0x0000000082200000,0x0000000083bb3048,0x0000000086100000)
 Metaspace       used 34827K, capacity 35412K, committed 35496K, reserved 1079296K
  class space    used 4605K, capacity 4764K, committed 4776K, reserved 1048576K
Event: 3.336 GC heap after
Heap after GC invocations=7 (full 2):
 PSYoungGen      total 136192K, used 0K [0x00000000d6100000, 0x00000000e0780000, 0x0000000100000000)
  eden space 131072K, 0% used [0x00000000d6100000,0x00000000d6100000,0x00000000de100000)
  from space 5120K, 0% used [0x00000000de100000,0x00000000de100000,0x00000000de600000)
  to   space 16384K, 0% used [0x00000000df780000,0x00000000df780000,0x00000000e0780000)
 ParOldGen       total 120320K, used 27018K [0x0000000082200000, 0x0000000089780000, 0x00000000d6100000)
  object space 120320K, 22% used [0x0000000082200000,0x0000000083c62be0,0x0000000089780000)
 Metaspace       used 34827K, capacity 35412K, committed 35496K, reserved 1079296K
  class space    used 4605K, capacity 4764K, committed 4776K, reserved 1048576K
}
Event: 5.863 GC heap before
{Heap before GC invocations=8 (full 2):
 PSYoungGen      total 136192K, used 131072K [0x00000000d6100000, 0x00000000e0780000, 0x0000000100000000)
  eden space 131072K, 100% used [0x00000000d6100000,0x00000000de100000,0x00000000de100000)
  from space 5120K, 0% used [0x00000000de100000,0x00000000de100000,0x00000000de600000)
  to   space 16384K, 0% used [0x00000000df780000,0x00000000df780000,0x00000000e0780000)
 ParOldGen       total 120320K, used 27018K [0x0000000082200000, 0x0000000089780000, 0x00000000d6100000)
  object space 120320K, 22% used [0x0000000082200000,0x0000000083c62be0,0x0000000089780000)
 Metaspace       used 44860K, capacity 45694K, committed 45992K, reserved 1091584K
  class space    used 5796K, capacity 6032K, committed 6056K, reserved 1048576K
Event: 5.902 GC heap after
Heap after GC invocations=8 (full 2):
 PSYoungGen      total 147456K, used 16354K [0x00000000d6100000, 0x00000000e0780000, 0x0000000100000000)
  eden space 131072K, 0% used [0x00000000d6100000,0x00000000d6100000,0x00000000de100000)
  from space 16384K, 99% used [0x00000000df780000,0x00000000e07789d0,0x00000000e0780000)
  to   space 5120K, 0% used [0x00000000de100000,0x00000000de100000,0x00000000de600000)
 ParOldGen       total 120320K, used 39141K [0x0000000082200000, 0x0000000089780000, 0x00000000d6100000)
  object space 120320K, 32% used [0x0000000082200000,0x0000000084839650,0x0000000089780000)
 Metaspace       used 44860K, capacity 45694K, committed 45992K, reserved 1091584K
  class space    used 5796K, capacity 6032K, committed 6056K, reserved 1048576K
}

