# JRE version: Java(TM) SE Runtime Environment (8.0_131-b11) (build 1.8.0_131-b11)
# Java VM: Java HotSpot(TM) 64-Bit Server VM (25.131-b11 mixed mode windows-amd64 compressed oops)
Heap:
 PSYoungGen      total 207872K, used 65194K [0x00000000e0000000, 0x00000000ee180000, 0x0000000100000000)
  eden space 188928K, 27% used [0x00000000e0000000,0x00000000e3217e78,0x00000000eb880000)
  from space 18944K, 73% used [0x00000000ecf00000,0x00000000edc92a70,0x00000000ee180000)
  to   space 20992K, 0% used [0x00000000eb880000,0x00000000eb880000,0x00000000ecd00000)
 ParOldGen       total 84480K, used 43232K [0x00000000a0000000, 0x00000000a5280000, 0x00000000e0000000)
  object space 84480K, 51% used [0x00000000a0000000,0x00000000a2a381e8,0x00000000a5280000)
 Metaspace       used 68061K, capacity 70580K, committed 70656K, reserved 1110016K
  class space    used 9446K, capacity 9956K, committed 9984K, reserved 1048576K
GC Heap History (10 events):
Event: 13.818 GC heap before
{Heap before GC invocations=13 (full 2):
 PSYoungGen      total 153088K, used 153082K [0x00000000e0000000, 0x00000000eb100000, 0x0000000100000000)
  eden space 141312K, 100% used [0x00000000e0000000,0x00000000e8a00000,0x00000000e8a00000)
  from space 11776K, 99% used [0x00000000ea580000,0x00000000eb0feb78,0x00000000eb100000)
  to   space 13824K, 0% used [0x00000000e9600000,0x00000000e9600000,0x00000000ea380000)
 ParOldGen       total 84480K, used 19305K [0x00000000a0000000, 0x00000000a5280000, 0x00000000e0000000)
  object space 84480K, 22% used [0x00000000a0000000,0x00000000a12da500,0x00000000a5280000)
 Metaspace       used 55936K, capacity 57576K, committed 57856K, reserved 1099776K
  class space    used 7699K, capacity 8081K, committed 8192K, reserved 1048576K
Event: 13.855 GC heap after
Heap after GC invocations=13 (full 2):
 PSYoungGen      total 167424K, used 13804K [0x00000000e0000000, 0x00000000ed680000, 0x0000000100000000)
  eden space 153600K, 0% used [0x00000000e0000000,0x00000000e0000000,0x00000000e9600000)
  from space 13824K, 99% used [0x00000000e9600000,0x00000000ea37b3a8,0x00000000ea380000)
  to   space 18944K, 0% used [0x00000000ec400000,0x00000000ec400000,0x00000000ed680000)
 ParOldGen       total 84480K, used 29480K [0x00000000a0000000, 0x00000000a5280000, 0x00000000e0000000)
  object space 84480K, 34% used [0x00000000a0000000,0x00000000a1cca3f0,0x00000000a5280000)
 Metaspace       used 55936K, capacity 57576K, committed 57856K, reserved 1099776K
  class space    used 7699K, capacity 8081K, committed 8192K, reserved 1048576K
}
Event: 14.345 GC heap before
{Heap before GC invocations=14 (full 2):
 PSYoungGen      total 167424K, used 46346K [0x00000000e0000000, 0x00000000ed680000, 0x0000000100000000)
  eden space 153600K, 21% used [0x00000000e0000000,0x00000000e1fc7498,0x00000000e9600000)
  from space 13824K, 99% used [0x00000000e9600000,0x00000000ea37b3a8,0x00000000ea380000)
  to   space 18944K, 0% used [0x00000000ec400000,0x00000000ec400000,0x00000000ed680000)
 ParOldGen       total 84480K, used 29480K [0x00000000a0000000, 0x00000000a5280000, 0x00000000e0000000)
  object space 84480K, 34% used [0x00000000a0000000,0x00000000a1cca3f0,0x00000000a5280000)
 Metaspace       used 57203K, capacity 58922K, committed 59008K, reserved 1099776K
  class space    used 7895K, capacity 8289K, committed 8320K, reserved 1048576K
Event: 14.369 GC heap after
Heap after GC invocations=14 (full 2):
 PSYoungGen      total 172544K, used 2277K [0x00000000e0000000, 0x00000000ed680000, 0x0000000100000000)
  eden space 153600K, 0% used [0x00000000e0000000,0x00000000e0000000,0x00000000e9600000)
  from space 18944K, 12% used [0x00000000ec400000,0x00000000ec6394b8,0x00000000ed680000)
  to   space 13824K, 0% used [0x00000000e9600000,0x00000000e9600000,0x00000000ea380000)
 ParOldGen       total 84480K, used 36618K [0x00000000a0000000, 0x00000000a5280000, 0x00000000e0000000)
  object space 84480K, 43% used [0x00000000a0000000,0x00000000a23c2908,0x00000000a5280000)
 Metaspace       used 57203K, capacity 58922K, committed 59008K, reserved 1099776K
  class space    used 7895K, capacity 8289K, committed 8320K, reserved 1048576K
}
Event: 14.369 GC heap before
{Heap before GC invocations=15 (full 3):
 PSYoungGen      total 172544K, used 2277K [0x00000000e0000000, 0x00000000ed680000, 0x0000000100000000)
  eden space 153600K, 0% used [0x00000000e0000000,0x00000000e0000000,0x00000000e9600000)
  from space 18944K, 12% used [0x00000000ec400000,0x00000000ec6394b8,0x00000000ed680000)
  to   space 13824K, 0% used [0x00000000e9600000,0x00000000e9600000,0x00000000ea380000)
 ParOldGen       total 84480K, used 36618K [0x00000000a0000000, 0x00000000a5280000, 0x00000000e0000000)
  object space 84480K, 43% used [0x00000000a0000000,0x00000000a23c2908,0x00000000a5280000)
 Metaspace       used 57203K, capacity 58922K, committed 59008K, reserved 1099776K
  class space    used 7895K, capacity 8289K, committed 8320K, reserved 1048576K
Event: 14.651 GC heap after
Heap after GC invocations=15 (full 3):
 PSYoungGen      total 172544K, used 0K [0x00000000e0000000, 0x00000000ed680000, 0x0000000100000000)
  eden space 153600K, 0% used [0x00000000e0000000,0x00000000e0000000,0x00000000e9600000)
  from space 18944K, 0% used [0x00000000ec400000,0x00000000ec400000,0x00000000ed680000)
  to   space 13824K, 0% used [0x00000000e9600000,0x00000000e9600000,0x00000000ea380000)
 ParOldGen       total 84480K, used 30791K [0x00000000a0000000, 0x00000000a5280000, 0x00000000e0000000)
  object space 84480K, 36% used [0x00000000a0000000,0x00000000a1e11ff0,0x00000000a5280000)
 Metaspace       used 57203K, capacity 58922K, committed 59008K, reserved 1099776K
  class space    used 7895K, capacity 8289K, committed 8320K, reserved 1048576K
}
Event: 16.808 GC heap before
{Heap before GC invocations=16 (full 3):
 PSYoungGen      total 172544K, used 153600K [0x00000000e0000000, 0x00000000ed680000, 0x0000000100000000)
  eden space 153600K, 100% used [0x00000000e0000000,0x00000000e9600000,0x00000000e9600000)
  from space 18944K, 0% used [0x00000000ec400000,0x00000000ec400000,0x00000000ed680000)
  to   space 13824K, 0% used [0x00000000e9600000,0x00000000e9600000,0x00000000ea380000)
 ParOldGen       total 84480K, used 30791K [0x00000000a0000000, 0x00000000a5280000, 0x00000000e0000000)
  object space 84480K, 36% used [0x00000000a0000000,0x00000000a1e11ff0,0x00000000a5280000)
 Metaspace       used 60541K, capacity 62634K, committed 62976K, reserved 1103872K
  class space    used 8403K, capacity 8847K, committed 8960K, reserved 1048576K
Event: 16.842 GC heap after
Heap after GC invocations=16 (full 3):
 PSYoungGen      total 167424K, used 13806K [0x00000000e0000000, 0x00000000ee300000, 0x0000000100000000)
  eden space 153600K, 0% used [0x00000000e0000000,0x00000000e0000000,0x00000000e9600000)
  from space 13824K, 99% used [0x00000000e9600000,0x00000000ea37b950,0x00000000ea380000)
  to   space 20480K, 0% used [0x00000000ecf00000,0x00000000ecf00000,0x00000000ee300000)
 ParOldGen       total 84480K, used 30900K [0x00000000a0000000, 0x00000000a5280000, 0x00000000e0000000)
  object space 84480K, 36% used [0x00000000a0000000,0x00000000a1e2d0d8,0x00000000a5280000)
 Metaspace       used 60541K, capacity 62634K, committed 62976K, reserved 1103872K
  class space    used 8403K, capacity 8847K, committed 8960K, reserved 1048576K
}
Event: 19.581 GC heap before
{Heap before GC invocations=17 (full 3):
 PSYoungGen      total 167424K, used 167406K [0x00000000e0000000, 0x00000000ee300000, 0x0000000100000000)
  eden space 153600K, 100% used [0x00000000e0000000,0x00000000e9600000,0x00000000e9600000)
  from space 13824K, 99% used [0x00000000e9600000,0x00000000ea37b950,0x00000000ea380000)
  to   space 20480K, 0% used [0x00000000ecf00000,0x00000000ecf00000,0x00000000ee300000)
 ParOldGen       total 84480K, used 30900K [0x00000000a0000000, 0x00000000a5280000, 0x00000000e0000000)
  object space 84480K, 36% used [0x00000000a0000000,0x00000000a1e2d0d8,0x00000000a5280000)
 Metaspace       used 65955K, capacity 68130K, committed 68352K, reserved 1107968K
  class space    used 9192K, capacity 9651K, committed 9728K, reserved 1048576K
Event: 19.614 GC heap after
Heap after GC invocations=17 (full 3):
 PSYoungGen      total 207872K, used 13898K [0x00000000e0000000, 0x00000000ee180000, 0x0000000100000000)
  eden space 188928K, 0% used [0x00000000e0000000,0x00000000e0000000,0x00000000eb880000)
  from space 18944K, 73% used [0x00000000ecf00000,0x00000000edc92a70,0x00000000ee180000)
  to   space 20992K, 0% used [0x00000000eb880000,0x00000000eb880000,0x00000000ecd00000)
 ParOldGen       total 84480K, used 43232K [0x00000000a0000000, 0x00000000a5280000, 0x00000000e0000000)
  object space 84480K, 51% used [0x00000000a0000000,0x00000000a2a381e8,0x00000000a5280000)
 Metaspace       used 65955K, capacity 68130K, committed 68352K, reserved 1107968K
  class space    used 9192K, capacity 9651K, committed 9728K, reserved 1048576K
}

