# JRE version: Java(TM) SE Runtime Environment (8.0_131-b11) (build 1.8.0_131-b11)
# Java VM: Java HotSpot(TM) 64-Bit Server VM (25.131-b11 mixed mode windows-amd64 compressed oops)
Heap:
 PSYoungGen      total 227840K, used 83878K [0x00000000e0000000, 0x00000000f0000000, 0x0000000100000000)
  eden space 201728K, 41% used [0x00000000e0000000,0x00000000e51e9968,0x00000000ec500000)
  from space 26112K, 0% used [0x00000000ecc00000,0x00000000ecc00000,0x00000000ee580000)
  to   space 27136K, 0% used [0x00000000ee580000,0x00000000ee580000,0x00000000f0000000)
 ParOldGen       total 132096K, used 56724K [0x00000000a0000000, 0x00000000a8100000, 0x00000000e0000000)
  object space 132096K, 42% used [0x00000000a0000000,0x00000000a37652d0,0x00000000a8100000)
 Metaspace       used 92538K, capacity 96316K, committed 98560K, reserved 1134592K
  class space    used 12165K, capacity 12872K, committed 13312K, reserved 1048576K
GC Heap History (10 events):
Event: 2134.565 GC heap before
{Heap before GC invocations=21 (full 3):
 PSYoungGen      total 246784K, used 246656K [0x00000000e0000000, 0x00000000f1380000, 0x0000000100000000)
  eden space 231936K, 100% used [0x00000000e0000000,0x00000000ee280000,0x00000000ee280000)
  from space 14848K, 99% used [0x00000000eea80000,0x00000000ef8e00d0,0x00000000ef900000)
  to   space 25088K, 0% used [0x00000000efb00000,0x00000000efb00000,0x00000000f1380000)
 ParOldGen       total 132096K, used 61823K [0x00000000a0000000, 0x00000000a8100000, 0x00000000e0000000)
  object space 132096K, 46% used [0x00000000a0000000,0x00000000a3c5fea0,0x00000000a8100000)
 Metaspace       used 84177K, capacity 88468K, committed 88576K, reserved 1126400K
  class space    used 11156K, capacity 11933K, committed 12032K, reserved 1048576K
Event: 2134.586 GC heap after
Heap after GC invocations=21 (full 3):
 PSYoungGen      total 240640K, used 16802K [0x00000000e0000000, 0x00000000f0b80000, 0x0000000100000000)
  eden space 223744K, 0% used [0x00000000e0000000,0x00000000e0000000,0x00000000eda80000)
  from space 16896K, 99% used [0x00000000efb00000,0x00000000f0b68a38,0x00000000f0b80000)
  to   space 25088K, 0% used [0x00000000eda80000,0x00000000eda80000,0x00000000ef300000)
 ParOldGen       total 132096K, used 61831K [0x00000000a0000000, 0x00000000a8100000, 0x00000000e0000000)
  object space 132096K, 46% used [0x00000000a0000000,0x00000000a3c61ea0,0x00000000a8100000)
 Metaspace       used 84177K, capacity 88468K, committed 88576K, reserved 1126400K
  class space    used 11156K, capacity 11933K, committed 12032K, reserved 1048576K
}
Event: 2202.410 GC heap before
{Heap before GC invocations=22 (full 3):
 PSYoungGen      total 240640K, used 240546K [0x00000000e0000000, 0x00000000f0b80000, 0x0000000100000000)
  eden space 223744K, 100% used [0x00000000e0000000,0x00000000eda80000,0x00000000eda80000)
  from space 16896K, 99% used [0x00000000efb00000,0x00000000f0b68a38,0x00000000f0b80000)
  to   space 25088K, 0% used [0x00000000eda80000,0x00000000eda80000,0x00000000ef300000)
 ParOldGen       total 132096K, used 61831K [0x00000000a0000000, 0x00000000a8100000, 0x00000000e0000000)
  object space 132096K, 46% used [0x00000000a0000000,0x00000000a3c61ea0,0x00000000a8100000)
 Metaspace       used 86733K, capacity 91338K, committed 91520K, reserved 1128448K
  class space    used 11539K, capacity 12348K, committed 12416K, reserved 1048576K
Event: 2202.432 GC heap after
Heap after GC invocations=22 (full 3):
 PSYoungGen      total 232960K, used 16404K [0x00000000e0000000, 0x00000000f0500000, 0x0000000100000000)
  eden space 216064K, 0% used [0x00000000e0000000,0x00000000e0000000,0x00000000ed300000)
  from space 16896K, 97% used [0x00000000eda80000,0x00000000eea85200,0x00000000eeb00000)
  to   space 25600K, 0% used [0x00000000eec00000,0x00000000eec00000,0x00000000f0500000)
 ParOldGen       total 132096K, used 61839K [0x00000000a0000000, 0x00000000a8100000, 0x00000000e0000000)
  object space 132096K, 46% used [0x00000000a0000000,0x00000000a3c63ea0,0x00000000a8100000)
 Metaspace       used 86733K, capacity 91338K, committed 91520K, reserved 1128448K
  class space    used 11539K, capacity 12348K, committed 12416K, reserved 1048576K
}
Event: 2204.592 GC heap before
{Heap before GC invocations=23 (full 3):
 PSYoungGen      total 232960K, used 231695K [0x00000000e0000000, 0x00000000f0500000, 0x0000000100000000)
  eden space 216064K, 99% used [0x00000000e0000000,0x00000000ed23ec28,0x00000000ed300000)
  from space 16896K, 97% used [0x00000000eda80000,0x00000000eea85200,0x00000000eeb00000)
  to   space 25600K, 0% used [0x00000000eec00000,0x00000000eec00000,0x00000000f0500000)
 ParOldGen       total 132096K, used 61839K [0x00000000a0000000, 0x00000000a8100000, 0x00000000e0000000)
  object space 132096K, 46% used [0x00000000a0000000,0x00000000a3c63ea0,0x00000000a8100000)
 Metaspace       used 90725K, capacity 95438K, committed 95616K, reserved 1132544K
  class space    used 12059K, capacity 12928K, committed 12928K, reserved 1048576K
Event: 2204.618 GC heap after
Heap after GC invocations=23 (full 3):
 PSYoungGen      total 230400K, used 20512K [0x00000000e0000000, 0x00000000f0100000, 0x0000000100000000)
  eden space 208896K, 0% used [0x00000000e0000000,0x00000000e0000000,0x00000000ecc00000)
  from space 21504K, 95% used [0x00000000eec00000,0x00000000f00082d0,0x00000000f0100000)
  to   space 27136K, 0% used [0x00000000ecc00000,0x00000000ecc00000,0x00000000ee680000)
 ParOldGen       total 132096K, used 61839K [0x00000000a0000000, 0x00000000a8100000, 0x00000000e0000000)
  object space 132096K, 46% used [0x00000000a0000000,0x00000000a3c63ea0,0x00000000a8100000)
 Metaspace       used 90725K, capacity 95438K, committed 95616K, reserved 1132544K
  class space    used 12059K, capacity 12928K, committed 12928K, reserved 1048576K
}
Event: 2207.357 GC heap before
{Heap before GC invocations=24 (full 3):
 PSYoungGen      total 230400K, used 112213K [0x00000000e0000000, 0x00000000f0100000, 0x0000000100000000)
  eden space 208896K, 43% used [0x00000000e0000000,0x00000000e598d250,0x00000000ecc00000)
  from space 21504K, 95% used [0x00000000eec00000,0x00000000f00082d0,0x00000000f0100000)
  to   space 27136K, 0% used [0x00000000ecc00000,0x00000000ecc00000,0x00000000ee680000)
 ParOldGen       total 132096K, used 61839K [0x00000000a0000000, 0x00000000a8100000, 0x00000000e0000000)
  object space 132096K, 46% used [0x00000000a0000000,0x00000000a3c63ea0,0x00000000a8100000)
 Metaspace       used 93367K, capacity 98154K, committed 98304K, reserved 1134592K
  class space    used 12345K, capacity 13216K, committed 13312K, reserved 1048576K
Event: 2207.396 GC heap after
Heap after GC invocations=24 (full 3):
 PSYoungGen      total 227840K, used 25866K [0x00000000e0000000, 0x00000000f0000000, 0x0000000100000000)
  eden space 201728K, 0% used [0x00000000e0000000,0x00000000e0000000,0x00000000ec500000)
  from space 26112K, 99% used [0x00000000ecc00000,0x00000000ee542938,0x00000000ee580000)
  to   space 27136K, 0% used [0x00000000ee580000,0x00000000ee580000,0x00000000f0000000)
 ParOldGen       total 132096K, used 61847K [0x00000000a0000000, 0x00000000a8100000, 0x00000000e0000000)
  object space 132096K, 46% used [0x00000000a0000000,0x00000000a3c65ea0,0x00000000a8100000)
 Metaspace       used 93367K, capacity 98154K, committed 98304K, reserved 1134592K
  class space    used 12345K, capacity 13216K, committed 13312K, reserved 1048576K
}
Event: 2207.396 GC heap before
{Heap before GC invocations=25 (full 4):
 PSYoungGen      total 227840K, used 25866K [0x00000000e0000000, 0x00000000f0000000, 0x0000000100000000)
  eden space 201728K, 0% used [0x00000000e0000000,0x00000000e0000000,0x00000000ec500000)
  from space 26112K, 99% used [0x00000000ecc00000,0x00000000ee542938,0x00000000ee580000)
  to   space 27136K, 0% used [0x00000000ee580000,0x00000000ee580000,0x00000000f0000000)
 ParOldGen       total 132096K, used 61847K [0x00000000a0000000, 0x00000000a8100000, 0x00000000e0000000)
  object space 132096K, 46% used [0x00000000a0000000,0x00000000a3c65ea0,0x00000000a8100000)
 Metaspace       used 93367K, capacity 98154K, committed 98304K, reserved 1134592K
  class space    used 12345K, capacity 13216K, committed 13312K, reserved 1048576K
Event: 2207.845 GC heap after
Heap after GC invocations=25 (full 4):
 PSYoungGen      total 227840K, used 0K [0x00000000e0000000, 0x00000000f0000000, 0x0000000100000000)
  eden space 201728K, 0% used [0x00000000e0000000,0x00000000e0000000,0x00000000ec500000)
  from space 26112K, 0% used [0x00000000ecc00000,0x00000000ecc00000,0x00000000ee580000)
  to   space 27136K, 0% used [0x00000000ee580000,0x00000000ee580000,0x00000000f0000000)
 ParOldGen       total 132096K, used 56724K [0x00000000a0000000, 0x00000000a8100000, 0x00000000e0000000)
  object space 132096K, 42% used [0x00000000a0000000,0x00000000a37652d0,0x00000000a8100000)
 Metaspace       used 89147K, capacity 92710K, committed 98304K, reserved 1134592K
  class space    used 11625K, capacity 12277K, committed 13312K, reserved 1048576K
}

