# JRE version: Java(TM) SE Runtime Environment (8.0_131-b11) (build 1.8.0_131-b11)
# Java VM: Java HotSpot(TM) 64-Bit Server VM (25.131-b11 mixed mode windows-amd64 compressed oops)
Heap:
 PSYoungGen      total 214016K, used 111899K [0x00000000e0000000, 0x00000000ef700000, 0x0000000100000000)
  eden space 193024K, 47% used [0x00000000e0000000,0x00000000e58ca790,0x00000000ebc80000)
  from space 20992K, 99% used [0x00000000ed680000,0x00000000eeafc4c0,0x00000000eeb00000)
  to   space 26624K, 0% used [0x00000000ebc80000,0x00000000ebc80000,0x00000000ed680000)
 ParOldGen       total 87552K, used 38752K [0x00000000a0000000, 0x00000000a5580000, 0x00000000e0000000)
  object space 87552K, 44% used [0x00000000a0000000,0x00000000a25d81d8,0x00000000a5580000)
 Metaspace       used 70393K, capacity 73380K, committed 73600K, reserved 1112064K
  class space    used 9725K, capacity 10289K, committed 10368K, reserved 1048576K
GC Heap History (10 events):
Event: 13.634 GC heap before
{Heap before GC invocations=13 (full 2):
 PSYoungGen      total 148480K, used 148474K [0x00000000e0000000, 0x00000000eb280000, 0x0000000100000000)
  eden space 136704K, 100% used [0x00000000e0000000,0x00000000e8580000,0x00000000e8580000)
  from space 11776K, 99% used [0x00000000ea700000,0x00000000eb27eaa0,0x00000000eb280000)
  to   space 13824K, 0% used [0x00000000e9780000,0x00000000e9780000,0x00000000ea500000)
 ParOldGen       total 87552K, used 19513K [0x00000000a0000000, 0x00000000a5580000, 0x00000000e0000000)
  object space 87552K, 22% used [0x00000000a0000000,0x00000000a130e5b8,0x00000000a5580000)
 Metaspace       used 55881K, capacity 57628K, committed 57856K, reserved 1099776K
  class space    used 7691K, capacity 8079K, committed 8192K, reserved 1048576K
Event: 13.660 GC heap after
Heap after GC invocations=13 (full 2):
 PSYoungGen      total 168960K, used 13809K [0x00000000e0000000, 0x00000000ec880000, 0x0000000100000000)
  eden space 155136K, 0% used [0x00000000e0000000,0x00000000e0000000,0x00000000e9780000)
  from space 13824K, 99% used [0x00000000e9780000,0x00000000ea4fc7e0,0x00000000ea500000)
  to   space 18944K, 0% used [0x00000000eb600000,0x00000000eb600000,0x00000000ec880000)
 ParOldGen       total 87552K, used 29504K [0x00000000a0000000, 0x00000000a5580000, 0x00000000e0000000)
  object space 87552K, 33% used [0x00000000a0000000,0x00000000a1cd03b0,0x00000000a5580000)
 Metaspace       used 55881K, capacity 57628K, committed 57856K, reserved 1099776K
  class space    used 7691K, capacity 8079K, committed 8192K, reserved 1048576K
}
Event: 14.104 GC heap before
{Heap before GC invocations=14 (full 2):
 PSYoungGen      total 168960K, used 46841K [0x00000000e0000000, 0x00000000ec880000, 0x0000000100000000)
  eden space 155136K, 21% used [0x00000000e0000000,0x00000000e2041fd0,0x00000000e9780000)
  from space 13824K, 99% used [0x00000000e9780000,0x00000000ea4fc7e0,0x00000000ea500000)
  to   space 18944K, 0% used [0x00000000eb600000,0x00000000eb600000,0x00000000ec880000)
 ParOldGen       total 87552K, used 29504K [0x00000000a0000000, 0x00000000a5580000, 0x00000000e0000000)
  object space 87552K, 33% used [0x00000000a0000000,0x00000000a1cd03b0,0x00000000a5580000)
 Metaspace       used 57225K, capacity 58928K, committed 59008K, reserved 1099776K
  class space    used 7897K, capacity 8290K, committed 8320K, reserved 1048576K
Event: 14.116 GC heap after
Heap after GC invocations=14 (full 2):
 PSYoungGen      total 185856K, used 2374K [0x00000000e0000000, 0x00000000ee300000, 0x0000000100000000)
  eden space 166912K, 0% used [0x00000000e0000000,0x00000000e0000000,0x00000000ea300000)
  from space 18944K, 12% used [0x00000000eb600000,0x00000000eb851a08,0x00000000ec880000)
  to   space 19456K, 0% used [0x00000000ea300000,0x00000000ea300000,0x00000000eb600000)
 ParOldGen       total 87552K, used 36516K [0x00000000a0000000, 0x00000000a5580000, 0x00000000e0000000)
  object space 87552K, 41% used [0x00000000a0000000,0x00000000a23a93b8,0x00000000a5580000)
 Metaspace       used 57225K, capacity 58928K, committed 59008K, reserved 1099776K
  class space    used 7897K, capacity 8290K, committed 8320K, reserved 1048576K
}
Event: 14.116 GC heap before
{Heap before GC invocations=15 (full 3):
 PSYoungGen      total 185856K, used 2374K [0x00000000e0000000, 0x00000000ee300000, 0x0000000100000000)
  eden space 166912K, 0% used [0x00000000e0000000,0x00000000e0000000,0x00000000ea300000)
  from space 18944K, 12% used [0x00000000eb600000,0x00000000eb851a08,0x00000000ec880000)
  to   space 19456K, 0% used [0x00000000ea300000,0x00000000ea300000,0x00000000eb600000)
 ParOldGen       total 87552K, used 36516K [0x00000000a0000000, 0x00000000a5580000, 0x00000000e0000000)
  object space 87552K, 41% used [0x00000000a0000000,0x00000000a23a93b8,0x00000000a5580000)
 Metaspace       used 57225K, capacity 58928K, committed 59008K, reserved 1099776K
  class space    used 7897K, capacity 8290K, committed 8320K, reserved 1048576K
Event: 14.400 GC heap after
Heap after GC invocations=15 (full 3):
 PSYoungGen      total 185856K, used 0K [0x00000000e0000000, 0x00000000ee300000, 0x0000000100000000)
  eden space 166912K, 0% used [0x00000000e0000000,0x00000000e0000000,0x00000000ea300000)
  from space 18944K, 0% used [0x00000000eb600000,0x00000000eb600000,0x00000000ec880000)
  to   space 19456K, 0% used [0x00000000ea300000,0x00000000ea300000,0x00000000eb600000)
 ParOldGen       total 87552K, used 30812K [0x00000000a0000000, 0x00000000a5580000, 0x00000000e0000000)
  object space 87552K, 35% used [0x00000000a0000000,0x00000000a1e170f0,0x00000000a5580000)
 Metaspace       used 57224K, capacity 58922K, committed 59008K, reserved 1099776K
  class space    used 7896K, capacity 8289K, committed 8320K, reserved 1048576K
}
Event: 16.306 GC heap before
{Heap before GC invocations=16 (full 3):
 PSYoungGen      total 185856K, used 166912K [0x00000000e0000000, 0x00000000ee300000, 0x0000000100000000)
  eden space 166912K, 100% used [0x00000000e0000000,0x00000000ea300000,0x00000000ea300000)
  from space 18944K, 0% used [0x00000000eb600000,0x00000000eb600000,0x00000000ec880000)
  to   space 19456K, 0% used [0x00000000ea300000,0x00000000ea300000,0x00000000eb600000)
 ParOldGen       total 87552K, used 30812K [0x00000000a0000000, 0x00000000a5580000, 0x00000000e0000000)
  object space 87552K, 35% used [0x00000000a0000000,0x00000000a1e170f0,0x00000000a5580000)
 Metaspace       used 60590K, capacity 62698K, committed 62976K, reserved 1103872K
  class space    used 8405K, capacity 8847K, committed 8960K, reserved 1048576K
Event: 16.332 GC heap after
Heap after GC invocations=16 (full 3):
 PSYoungGen      total 186368K, used 15238K [0x00000000e0000000, 0x00000000eeb00000, 0x0000000100000000)
  eden space 166912K, 0% used [0x00000000e0000000,0x00000000e0000000,0x00000000ea300000)
  from space 19456K, 78% used [0x00000000ea300000,0x00000000eb1e1bd0,0x00000000eb600000)
  to   space 20992K, 0% used [0x00000000ed680000,0x00000000ed680000,0x00000000eeb00000)
 ParOldGen       total 87552K, used 30820K [0x00000000a0000000, 0x00000000a5580000, 0x00000000e0000000)
  object space 87552K, 35% used [0x00000000a0000000,0x00000000a1e190f0,0x00000000a5580000)
 Metaspace       used 60590K, capacity 62698K, committed 62976K, reserved 1103872K
  class space    used 8405K, capacity 8847K, committed 8960K, reserved 1048576K
}
Event: 18.845 GC heap before
{Heap before GC invocations=17 (full 3):
 PSYoungGen      total 186368K, used 182150K [0x00000000e0000000, 0x00000000eeb00000, 0x0000000100000000)
  eden space 166912K, 100% used [0x00000000e0000000,0x00000000ea300000,0x00000000ea300000)
  from space 19456K, 78% used [0x00000000ea300000,0x00000000eb1e1bd0,0x00000000eb600000)
  to   space 20992K, 0% used [0x00000000ed680000,0x00000000ed680000,0x00000000eeb00000)
 ParOldGen       total 87552K, used 30820K [0x00000000a0000000, 0x00000000a5580000, 0x00000000e0000000)
  object space 87552K, 35% used [0x00000000a0000000,0x00000000a1e190f0,0x00000000a5580000)
 Metaspace       used 66959K, capacity 69204K, committed 69504K, reserved 1110016K
  class space    used 9308K, capacity 9788K, committed 9856K, reserved 1048576K
Event: 18.898 GC heap after
Heap after GC invocations=17 (full 3):
 PSYoungGen      total 214016K, used 20977K [0x00000000e0000000, 0x00000000ef700000, 0x0000000100000000)
  eden space 193024K, 0% used [0x00000000e0000000,0x00000000e0000000,0x00000000ebc80000)
  from space 20992K, 99% used [0x00000000ed680000,0x00000000eeafc4c0,0x00000000eeb00000)
  to   space 26624K, 0% used [0x00000000ebc80000,0x00000000ebc80000,0x00000000ed680000)
 ParOldGen       total 87552K, used 38752K [0x00000000a0000000, 0x00000000a5580000, 0x00000000e0000000)
  object space 87552K, 44% used [0x00000000a0000000,0x00000000a25d81d8,0x00000000a5580000)
 Metaspace       used 66959K, capacity 69204K, committed 69504K, reserved 1110016K
  class space    used 9308K, capacity 9788K, committed 9856K, reserved 1048576K
}

